<?xml version="1.0" encoding="UTF-8"?>
<testsuite xmlns:xsi="http://www.w3.org/2001/XMLSchema-instance" xsi:noNamespaceSchemaLocation="https://maven.apache.org/surefire/maven-surefire-plugin/xsd/surefire-test-report-3.0.xsd" version="3.0" name="pz.ImageTests" time="2.19" tests="4" errors="0" skipped="0" failures="0">
  <properties>
    <property name="sun.desktop" value="windows"/>
    <property name="awt.toolkit" value="sun.awt.windows.WToolkit"/>
    <property name="file.encoding.pkg" value="sun.io"/>
    <property name="java.specification.version" value="1.8"/>
    <property name="sun.cpu.isalist" value="amd64"/>
    <property name="sun.jnu.encoding" value="Cp1251"/>
    <property name="java.class.path" value="B:\MOﾐ―test3\target\test-classes;B:\MOﾐ―test3\target\classes;C:\Users\sty_l\.m2\repository\org\aspectj\aspectjweaver\1.9.6\aspectjweaver-1.9.6.jar;C:\Users\sty_l\.m2\repository\org\apache\maven\plugins\maven-surefire-plugin\3.0.0-M5\maven-surefire-plugin-3.0.0-M5.jar;C:\Users\sty_l\.m2\repository\org\apache\maven\surefire\maven-surefire-common\3.0.0-M5\maven-surefire-common-3.0.0-M5.jar;C:\Users\sty_l\.m2\repository\org\apache\maven\surefire\surefire-api\3.0.0-M5\surefire-api-3.0.0-M5.jar;C:\Users\sty_l\.m2\repository\org\apache\maven\surefire\surefire-logger-api\3.0.0-M5\surefire-logger-api-3.0.0-M5.jar;C:\Users\sty_l\.m2\repository\org\apache\maven\surefire\surefire-extensions-api\3.0.0-M5\surefire-extensions-api-3.0.0-M5.jar;C:\Users\sty_l\.m2\repository\org\apache\maven\surefire\surefire-booter\3.0.0-M5\surefire-booter-3.0.0-M5.jar;C:\Users\sty_l\.m2\repository\org\apache\maven\surefire\surefire-extensions-spi\3.0.0-M5\surefire-extensions-spi-3.0.0-M5.jar;C:\Users\sty_l\.m2\repository\org\apache\maven\maven-toolchain\3.0-alpha-2\maven-toolchain-3.0-alpha-2.jar;C:\Users\sty_l\.m2\repository\org\apache\maven\shared\maven-artifact-transfer\0.11.0\maven-artifact-transfer-0.11.0.jar;C:\Users\sty_l\.m2\repository\org\apache\maven\shared\maven-common-artifact-filters\3.0.1\maven-common-artifact-filters-3.0.1.jar;C:\Users\sty_l\.m2\repository\org\apache\maven\maven-model\3.0\maven-model-3.0.jar;C:\Users\sty_l\.m2\repository\org\apache\maven\maven-plugin-api\3.0\maven-plugin-api-3.0.jar;C:\Users\sty_l\.m2\repository\org\sonatype\sisu\sisu-inject-plexus\1.4.2\sisu-inject-plexus-1.4.2.jar;C:\Users\sty_l\.m2\repository\org\codehaus\plexus\plexus-classworlds\2.2.3\plexus-classworlds-2.2.3.jar;C:\Users\sty_l\.m2\repository\org\sonatype\sisu\sisu-inject-bean\1.4.2\sisu-inject-bean-1.4.2.jar;C:\Users\sty_l\.m2\repository\org\sonatype\sisu\sisu-guice\2.1.7\sisu-guice-2.1.7-noaop.jar;C:\Users\sty_l\.m2\repository\org\apache\maven\shared\maven-shared-utils\3.1.0\maven-shared-utils-3.1.0.jar;C:\Users\sty_l\.m2\repository\org\codehaus\plexus\plexus-java\1.0.5\plexus-java-1.0.5.jar;C:\Users\sty_l\.m2\repository\org\ow2\asm\asm\7.2\asm-7.2.jar;C:\Users\sty_l\.m2\repository\com\thoughtworks\qdox\qdox\2.0-M9\qdox-2.0-M9.jar;C:\Users\sty_l\.m2\repository\org\apache\maven\surefire\surefire-shared-utils\3.0.0-M4\surefire-shared-utils-3.0.0-M4.jar;C:\Users\sty_l\.m2\repository\io\rest-assured\rest-assured\4.4.0\rest-assured-4.4.0.jar;C:\Users\sty_l\.m2\repository\org\codehaus\groovy\groovy\3.0.8\groovy-3.0.8.jar;C:\Users\sty_l\.m2\repository\org\codehaus\groovy\groovy-xml\3.0.8\groovy-xml-3.0.8.jar;C:\Users\sty_l\.m2\repository\org\apache\httpcomponents\httpclient\4.5.13\httpclient-4.5.13.jar;C:\Users\sty_l\.m2\repository\org\apache\httpcomponents\httpcore\4.4.13\httpcore-4.4.13.jar;C:\Users\sty_l\.m2\repository\commons-logging\commons-logging\1.2\commons-logging-1.2.jar;C:\Users\sty_l\.m2\repository\commons-codec\commons-codec\1.11\commons-codec-1.11.jar;C:\Users\sty_l\.m2\repository\org\apache\httpcomponents\httpmime\4.5.13\httpmime-4.5.13.jar;C:\Users\sty_l\.m2\repository\org\hamcrest\hamcrest\2.1\hamcrest-2.1.jar;C:\Users\sty_l\.m2\repository\org\ccil\cowan\tagsoup\tagsoup\1.2.1\tagsoup-1.2.1.jar;C:\Users\sty_l\.m2\repository\io\rest-assured\json-path\4.4.0\json-path-4.4.0.jar;C:\Users\sty_l\.m2\repository\org\codehaus\groovy\groovy-json\3.0.8\groovy-json-3.0.8.jar;C:\Users\sty_l\.m2\repository\io\rest-assured\rest-assured-common\4.4.0\rest-assured-common-4.4.0.jar;C:\Users\sty_l\.m2\repository\io\rest-assured\xml-path\4.4.0\xml-path-4.4.0.jar;C:\Users\sty_l\.m2\repository\org\apache\commons\commons-lang3\3.11\commons-lang3-3.11.jar;C:\Users\sty_l\.m2\repository\jakarta\xml\bind\jakarta.xml.bind-api\2.3.3\jakarta.xml.bind-api-2.3.3.jar;C:\Users\sty_l\.m2\repository\jakarta\activation\jakarta.activation-api\1.2.2\jakarta.activation-api-1.2.2.jar;C:\Users\sty_l\.m2\repository\com\sun\xml\bind\jaxb-impl\2.3.3\jaxb-impl-2.3.3.jar;C:\Users\sty_l\.m2\repository\org\junit\jupiter\junit-jupiter\5.7.0\junit-jupiter-5.7.0.jar;C:\Users\sty_l\.m2\repository\org\junit\jupiter\junit-jupiter-api\5.7.0\junit-jupiter-api-5.7.0.jar;C:\Users\sty_l\.m2\repository\org\apiguardian\apiguardian-api\1.1.0\apiguardian-api-1.1.0.jar;C:\Users\sty_l\.m2\repository\org\opentest4j\opentest4j\1.2.0\opentest4j-1.2.0.jar;C:\Users\sty_l\.m2\repository\org\junit\platform\junit-platform-commons\1.7.0\junit-platform-commons-1.7.0.jar;C:\Users\sty_l\.m2\repository\org\junit\jupiter\junit-jupiter-params\5.7.0\junit-jupiter-params-5.7.0.jar;C:\Users\sty_l\.m2\repository\org\junit\jupiter\junit-jupiter-engine\5.7.0\junit-jupiter-engine-5.7.0.jar;C:\Users\sty_l\.m2\repository\org\junit\platform\junit-platform-engine\1.7.0\junit-platform-engine-1.7.0.jar;C:\Users\sty_l\.m2\repository\commons-io\commons-io\2.6\commons-io-2.6.jar;C:\Users\sty_l\.m2\repository\io\qameta\allure\allure-java-commons\2.14.0\allure-java-commons-2.14.0.jar;C:\Users\sty_l\.m2\repository\org\slf4j\slf4j-api\1.7.30\slf4j-api-1.7.30.jar;C:\Users\sty_l\.m2\repository\io\qameta\allure\allure-model\2.14.0\allure-model-2.14.0.jar;C:\Users\sty_l\.m2\repository\com\fasterxml\jackson\core\jackson-databind\2.12.3\jackson-databind-2.12.3.jar;C:\Users\sty_l\.m2\repository\com\fasterxml\jackson\core\jackson-annotations\2.12.3\jackson-annotations-2.12.3.jar;C:\Users\sty_l\.m2\repository\com\fasterxml\jackson\core\jackson-core\2.12.3\jackson-core-2.12.3.jar;C:\Users\sty_l\.m2\repository\org\apache\tika\tika-core\1.26\tika-core-1.26.jar;C:\Users\sty_l\.m2\repository\org\jooq\joor-java-8\0.9.14\joor-java-8-0.9.14.jar;C:\Users\sty_l\.m2\repository\io\qameta\allure\allure-junit5\2.14.0\allure-junit5-2.14.0.jar;C:\Users\sty_l\.m2\repository\io\qameta\allure\allure-junit-platform\2.14.0\allure-junit-platform-2.14.0.jar;C:\Users\sty_l\.m2\repository\io\qameta\allure\allure-test-filter\2.14.0\allure-test-filter-2.14.0.jar;C:\Users\sty_l\.m2\repository\org\junit\platform\junit-platform-launcher\1.7.2\junit-platform-launcher-1.7.2.jar;C:\Users\sty_l\.m2\repository\io\qameta\allure\allure-rest-assured\2.14.0\allure-rest-assured-2.14.0.jar;C:\Users\sty_l\.m2\repository\io\qameta\allure\allure-attachments\2.14.0\allure-attachments-2.14.0.jar;C:\Users\sty_l\.m2\repository\org\freemarker\freemarker\2.3.31\freemarker-2.3.31.jar;"/>
    <property name="java.vm.vendor" value="Oracle Corporation"/>
    <property name="sun.arch.data.model" value="64"/>
    <property name="user.variant" value=""/>
    <property name="java.vendor.url" value="http://java.oracle.com/"/>
    <property name="user.timezone" value="Europe/Moscow"/>
    <property name="java.vm.specification.version" value="1.8"/>
    <property name="os.name" value="Windows 10"/>
    <property name="user.country" value="RU"/>
    <property name="sun.java.launcher" value="SUN_STANDARD"/>
    <property name="sun.boot.library.path" value="C:\Program Files\Java\jdk1.8.0_281\jre\bin"/>
    <property name="sun.java.command" value="C:\Users\sty_l\AppData\Local\Temp\surefire5371276100088687344\surefirebooter3005300620733437872.jar C:\Users\sty_l\AppData\Local\Temp\surefire5371276100088687344 2021-10-11T00-00-42_998-jvmRun1 surefire7867160542865590500tmp surefire_05434445896498117557tmp"/>
    <property name="surefire.test.class.path" value="B:\MOﾐ―test3\target\test-classes;B:\MOﾐ―test3\target\classes;C:\Users\sty_l\.m2\repository\org\aspectj\aspectjweaver\1.9.6\aspectjweaver-1.9.6.jar;C:\Users\sty_l\.m2\repository\org\apache\maven\plugins\maven-surefire-plugin\3.0.0-M5\maven-surefire-plugin-3.0.0-M5.jar;C:\Users\sty_l\.m2\repository\org\apache\maven\surefire\maven-surefire-common\3.0.0-M5\maven-surefire-common-3.0.0-M5.jar;C:\Users\sty_l\.m2\repository\org\apache\maven\surefire\surefire-api\3.0.0-M5\surefire-api-3.0.0-M5.jar;C:\Users\sty_l\.m2\repository\org\apache\maven\surefire\surefire-logger-api\3.0.0-M5\surefire-logger-api-3.0.0-M5.jar;C:\Users\sty_l\.m2\repository\org\apache\maven\surefire\surefire-extensions-api\3.0.0-M5\surefire-extensions-api-3.0.0-M5.jar;C:\Users\sty_l\.m2\repository\org\apache\maven\surefire\surefire-booter\3.0.0-M5\surefire-booter-3.0.0-M5.jar;C:\Users\sty_l\.m2\repository\org\apache\maven\surefire\surefire-extensions-spi\3.0.0-M5\surefire-extensions-spi-3.0.0-M5.jar;C:\Users\sty_l\.m2\repository\org\apache\maven\maven-toolchain\3.0-alpha-2\maven-toolchain-3.0-alpha-2.jar;C:\Users\sty_l\.m2\repository\org\apache\maven\shared\maven-artifact-transfer\0.11.0\maven-artifact-transfer-0.11.0.jar;C:\Users\sty_l\.m2\repository\org\apache\maven\shared\maven-common-artifact-filters\3.0.1\maven-common-artifact-filters-3.0.1.jar;C:\Users\sty_l\.m2\repository\org\apache\maven\maven-model\3.0\maven-model-3.0.jar;C:\Users\sty_l\.m2\repository\org\apache\maven\maven-plugin-api\3.0\maven-plugin-api-3.0.jar;C:\Users\sty_l\.m2\repository\org\sonatype\sisu\sisu-inject-plexus\1.4.2\sisu-inject-plexus-1.4.2.jar;C:\Users\sty_l\.m2\repository\org\codehaus\plexus\plexus-classworlds\2.2.3\plexus-classworlds-2.2.3.jar;C:\Users\sty_l\.m2\repository\org\sonatype\sisu\sisu-inject-bean\1.4.2\sisu-inject-bean-1.4.2.jar;C:\Users\sty_l\.m2\repository\org\sonatype\sisu\sisu-guice\2.1.7\sisu-guice-2.1.7-noaop.jar;C:\Users\sty_l\.m2\repository\org\apache\maven\shared\maven-shared-utils\3.1.0\maven-shared-utils-3.1.0.jar;C:\Users\sty_l\.m2\repository\org\codehaus\plexus\plexus-java\1.0.5\plexus-java-1.0.5.jar;C:\Users\sty_l\.m2\repository\org\ow2\asm\asm\7.2\asm-7.2.jar;C:\Users\sty_l\.m2\repository\com\thoughtworks\qdox\qdox\2.0-M9\qdox-2.0-M9.jar;C:\Users\sty_l\.m2\repository\org\apache\maven\surefire\surefire-shared-utils\3.0.0-M4\surefire-shared-utils-3.0.0-M4.jar;C:\Users\sty_l\.m2\repository\io\rest-assured\rest-assured\4.4.0\rest-assured-4.4.0.jar;C:\Users\sty_l\.m2\repository\org\codehaus\groovy\groovy\3.0.8\groovy-3.0.8.jar;C:\Users\sty_l\.m2\repository\org\codehaus\groovy\groovy-xml\3.0.8\groovy-xml-3.0.8.jar;C:\Users\sty_l\.m2\repository\org\apache\httpcomponents\httpclient\4.5.13\httpclient-4.5.13.jar;C:\Users\sty_l\.m2\repository\org\apache\httpcomponents\httpcore\4.4.13\httpcore-4.4.13.jar;C:\Users\sty_l\.m2\repository\commons-logging\commons-logging\1.2\commons-logging-1.2.jar;C:\Users\sty_l\.m2\repository\commons-codec\commons-codec\1.11\commons-codec-1.11.jar;C:\Users\sty_l\.m2\repository\org\apache\httpcomponents\httpmime\4.5.13\httpmime-4.5.13.jar;C:\Users\sty_l\.m2\repository\org\hamcrest\hamcrest\2.1\hamcrest-2.1.jar;C:\Users\sty_l\.m2\repository\org\ccil\cowan\tagsoup\tagsoup\1.2.1\tagsoup-1.2.1.jar;C:\Users\sty_l\.m2\repository\io\rest-assured\json-path\4.4.0\json-path-4.4.0.jar;C:\Users\sty_l\.m2\repository\org\codehaus\groovy\groovy-json\3.0.8\groovy-json-3.0.8.jar;C:\Users\sty_l\.m2\repository\io\rest-assured\rest-assured-common\4.4.0\rest-assured-common-4.4.0.jar;C:\Users\sty_l\.m2\repository\io\rest-assured\xml-path\4.4.0\xml-path-4.4.0.jar;C:\Users\sty_l\.m2\repository\org\apache\commons\commons-lang3\3.11\commons-lang3-3.11.jar;C:\Users\sty_l\.m2\repository\jakarta\xml\bind\jakarta.xml.bind-api\2.3.3\jakarta.xml.bind-api-2.3.3.jar;C:\Users\sty_l\.m2\repository\jakarta\activation\jakarta.activation-api\1.2.2\jakarta.activation-api-1.2.2.jar;C:\Users\sty_l\.m2\repository\com\sun\xml\bind\jaxb-impl\2.3.3\jaxb-impl-2.3.3.jar;C:\Users\sty_l\.m2\repository\org\junit\jupiter\junit-jupiter\5.7.0\junit-jupiter-5.7.0.jar;C:\Users\sty_l\.m2\repository\org\junit\jupiter\junit-jupiter-api\5.7.0\junit-jupiter-api-5.7.0.jar;C:\Users\sty_l\.m2\repository\org\apiguardian\apiguardian-api\1.1.0\apiguardian-api-1.1.0.jar;C:\Users\sty_l\.m2\repository\org\opentest4j\opentest4j\1.2.0\opentest4j-1.2.0.jar;C:\Users\sty_l\.m2\repository\org\junit\platform\junit-platform-commons\1.7.0\junit-platform-commons-1.7.0.jar;C:\Users\sty_l\.m2\repository\org\junit\jupiter\junit-jupiter-params\5.7.0\junit-jupiter-params-5.7.0.jar;C:\Users\sty_l\.m2\repository\org\junit\jupiter\junit-jupiter-engine\5.7.0\junit-jupiter-engine-5.7.0.jar;C:\Users\sty_l\.m2\repository\org\junit\platform\junit-platform-engine\1.7.0\junit-platform-engine-1.7.0.jar;C:\Users\sty_l\.m2\repository\commons-io\commons-io\2.6\commons-io-2.6.jar;C:\Users\sty_l\.m2\repository\io\qameta\allure\allure-java-commons\2.14.0\allure-java-commons-2.14.0.jar;C:\Users\sty_l\.m2\repository\org\slf4j\slf4j-api\1.7.30\slf4j-api-1.7.30.jar;C:\Users\sty_l\.m2\repository\io\qameta\allure\allure-model\2.14.0\allure-model-2.14.0.jar;C:\Users\sty_l\.m2\repository\com\fasterxml\jackson\core\jackson-databind\2.12.3\jackson-databind-2.12.3.jar;C:\Users\sty_l\.m2\repository\com\fasterxml\jackson\core\jackson-annotations\2.12.3\jackson-annotations-2.12.3.jar;C:\Users\sty_l\.m2\repository\com\fasterxml\jackson\core\jackson-core\2.12.3\jackson-core-2.12.3.jar;C:\Users\sty_l\.m2\repository\org\apache\tika\tika-core\1.26\tika-core-1.26.jar;C:\Users\sty_l\.m2\repository\org\jooq\joor-java-8\0.9.14\joor-java-8-0.9.14.jar;C:\Users\sty_l\.m2\repository\io\qameta\allure\allure-junit5\2.14.0\allure-junit5-2.14.0.jar;C:\Users\sty_l\.m2\repository\io\qameta\allure\allure-junit-platform\2.14.0\allure-junit-platform-2.14.0.jar;C:\Users\sty_l\.m2\repository\io\qameta\allure\allure-test-filter\2.14.0\allure-test-filter-2.14.0.jar;C:\Users\sty_l\.m2\repository\org\junit\platform\junit-platform-launcher\1.7.2\junit-platform-launcher-1.7.2.jar;C:\Users\sty_l\.m2\repository\io\qameta\allure\allure-rest-assured\2.14.0\allure-rest-assured-2.14.0.jar;C:\Users\sty_l\.m2\repository\io\qameta\allure\allure-attachments\2.14.0\allure-attachments-2.14.0.jar;C:\Users\sty_l\.m2\repository\org\freemarker\freemarker\2.3.31\freemarker-2.3.31.jar;"/>
    <property name="sun.cpu.endian" value="little"/>
    <property name="allure.results.directory" value="target/allure-results"/>
    <property name="user.home" value="C:\Users\sty_l"/>
    <property name="user.language" value="ru"/>
    <property name="java.specification.vendor" value="Oracle Corporation"/>
    <property name="java.home" value="C:\Program Files\Java\jdk1.8.0_281\jre"/>
    <property name="basedir" value="B:\MOﾐ―test3"/>
    <property name="file.separator" value="\"/>
    <property name="line.separator" value="&#10;"/>
    <property name="java.vm.specification.vendor" value="Oracle Corporation"/>
    <property name="java.specification.name" value="Java Platform API Specification"/>
    <property name="java.awt.graphicsenv" value="sun.awt.Win32GraphicsEnvironment"/>
    <property name="surefire.real.class.path" value="C:\Users\sty_l\AppData\Local\Temp\surefire5371276100088687344\surefirebooter3005300620733437872.jar;C:\Users\sty_l\.m2\repository/org/aspectj/aspectjweaver/1.9.6/aspectjweaver-1.9.6.jar"/>
    <property name="sun.boot.class.path" value="C:\Program Files\Java\jdk1.8.0_281\jre\lib\resources.jar;C:\Program Files\Java\jdk1.8.0_281\jre\lib\rt.jar;C:\Program Files\Java\jdk1.8.0_281\jre\lib\sunrsasign.jar;C:\Program Files\Java\jdk1.8.0_281\jre\lib\jsse.jar;C:\Program Files\Java\jdk1.8.0_281\jre\lib\jce.jar;C:\Program Files\Java\jdk1.8.0_281\jre\lib\charsets.jar;C:\Program Files\Java\jdk1.8.0_281\jre\lib\jfr.jar;C:\Program Files\Java\jdk1.8.0_281\jre\classes"/>
    <property name="user.script" value=""/>
    <property name="sun.management.compiler" value="HotSpot 64-Bit Tiered Compilers"/>
    <property name="java.runtime.version" value="1.8.0_281-b09"/>
    <property name="user.name" value="sty_l"/>
    <property name="path.separator" value=";"/>
    <property name="os.version" value="10.0"/>
    <property name="java.endorsed.dirs" value="C:\Program Files\Java\jdk1.8.0_281\jre\lib\endorsed"/>
    <property name="java.runtime.name" value="Java(TM) SE Runtime Environment"/>
    <property name="file.encoding" value="Cp1251"/>
    <property name="java.vm.name" value="Java HotSpot(TM) 64-Bit Server VM"/>
    <property name="localRepository" value="C:\Users\sty_l\.m2\repository"/>
    <property name="java.vendor.url.bug" value="http://bugreport.sun.com/bugreport/"/>
    <property name="java.io.tmpdir" value="C:\Users\sty_l\AppData\Local\Temp\"/>
    <property name="idea.version" value="2020.3.3"/>
    <property name="java.version" value="1.8.0_281"/>
    <property name="user.dir" value="B:\MOﾐ―test3"/>
    <property name="os.arch" value="amd64"/>
    <property name="java.vm.specification.name" value="Java Virtual Machine Specification"/>
    <property name="java.awt.printerjob" value="sun.awt.windows.WPrinterJob"/>
    <property name="sun.os.patch.level" value=""/>
    <property name="java.library.path" value="C:\Program Files\Java\jdk1.8.0_281\jre\bin;C:\Windows\Sun\Java\bin;C:\Windows\system32;C:\Windows;C:\Program Files (x86)\Razer Chroma SDK\bin;C:\Program Files\Razer Chroma SDK\bin;C:\Program Files (x86)\Common Files\Oracle\Java\javapath;C:\Program Files (x86)\Razer\ChromaBroadcast\bin;C:\Program Files\Razer\ChromaBroadcast\bin;C:\Windows\system32;C:\Windows;C:\Windows\System32\Wbem;C:\Windows\System32\WindowsPowerShell\v1.0\;C:\Windows\System32\OpenSSH\;C:\Program Files\NVIDIA Corporation\NVIDIA NvDLISR;C:\Program Files (x86)\NVIDIA Corporation\PhysX\Common;C:\Windows\system32\config\systemprofile\AppData\Local\Microsoft\WindowsApps;C:\Program Files\Git\cmd;C:\Users\sty_l\AppData\Local\Microsoft\WindowsApps;C:\Users\sty_l\AppData\Local\gitkraken\bin;C:\Users\sty_l\AppData\Local\Programs\Microsoft VS Code\bin;."/>
    <property name="java.vm.info" value="mixed mode"/>
    <property name="java.vendor" value="Oracle Corporation"/>
    <property name="java.vm.version" value="25.281-b09"/>
    <property name="java.ext.dirs" value="C:\Program Files\Java\jdk1.8.0_281\jre\lib\ext;C:\Windows\Sun\Java\lib\ext"/>
    <property name="sun.io.unicode.encoding" value="UnicodeLittle"/>
    <property name="java.class.version" value="52.0"/>
  </properties>
  <testcase name="getNonExistenImageTest" classname="pz.ImageTests" time="0.58">
    <system-out><![CDATA[HTTP/1.1 404 Not Found
Connection: keep-alive
Content-Length: 4323
Content-Type: text/html; charset=utf-8
ETag: "615f83d0-10e3"
Accept-Ranges: bytes
Date: Sun, 10 Oct 2021 21:01:10 GMT
X-Served-By: cache-hel6829-HEL
X-Cache: MISS
X-Cache-Hits: 0
X-Timer: S1633899670.846317,VS0,VE310
Vary: Accept-Encoding
access-control-allow-methods: GET, PUT, POST, PATCH, DELETE, OPTIONS
Server: cat factory 1.0
Access-Control-Allow-Origin: *
Access-Control-Allow-Credentials: true
X-Frame-Options: DENY
Access-Control-Allow-Headers: Authorization, Content-Type, Accept, X-Mashape-Authorization, IMGURPLATFORM, IMGURUIDJAFO, sessionCount, IMGURMWBETA, IMGURMWBETAOPTIN, X-expSNKPK127, X-Imgur-Defender-Bypass

<html lang="en">
  <head>
    <title>imgur: the simple 404 page</title>
    <meta http-equiv="content-type" content="text/html;charset=utf-8"/>
    <meta name="robots" content="noindex,nofollow"/>
    <meta name="keywords" content="images, funny pictures, image host, image upload, image sharing, image resize"/>
    <meta name="description" content="Imgur is home to the web's most popular image content, curated in real time by a dedicated community through commenting, voting and sharing."/>
    <meta name="copyright" content="Copyright 2014 Imgur, Inc."/>
    <meta http-equiv="X-UA-Compatible" content="IE=Edge;"/>
    <link rel="stylesheet" type="text/css" href="https://s.imgur.com/min/404.css?1393899213"/>
  </head>
  <body>
    <div class="nodisplay">
        Imgur is home to the web's most popular image content, curated in real time by a dedicated community through commenting, voting and sharing.
    </div>
    <div id="hallway">
      <div class="container">
        <div class="painting" id="cat1">
          <img src="//s.imgur.com/images/404/cat1weyes.png"/>
          <div class="eye-container">
            <div class="eye left">
              <div class="pupil"/>
            </div>
            <div class="eye right">
              <div class="pupil"/>
            </div>
          </div>
        </div>
        <div class="painting" id="cat2">
          <img src="//s.imgur.com/images/404/cat2weyes.png"/>
          <div class="eye-container">
            <div class="eye">
              <div class="pupil"/>
            </div>
          </div>
        </div>
        <div class="painting" id="giraffe">
          <img src="//s.imgur.com/images/404/giraffeweyes.png"/>
          <div class="eye-container">
            <div class="eye left">
              <div class="pupil"/>
            </div>
            <div class="eye right">
              <div class="pupil"/>
            </div>
          </div>
          <img class="monocle" src="//s.imgur.com/images/404/monocle.png"/>
        </div>
        <div class="painting" id="cat3">
          <img src="//s.imgur.com/images/404/cat3weyes.png"/>
          <div class="eye-container">
            <div class="eye left">
              <div class="pupil"/>
            </div>
            <div class="eye right">
              <div class="pupil"/>
            </div>
          </div>
        </div>
        <div class="painting" id="cat4">
          <img src="//s.imgur.com/images/404/cat4weyes.png"/>
          <div class="eye-container">
            <div class="eye left">
              <div class="pupil"/>
            </div>
            <div class="eye right">
              <div class="pupil"/>
            </div>
          </div>
        </div>
      </div>
    </div>
    <div class="footer textbox">
      <h1>Zoinks! You've taken a wrong turn.</h1>
      <p>Let's split up, gang. If you're looking for an image, it's probably been deleted or may not have existed at all.</p>
      <p>
If you are looking for groovy images,         <a shape="rect" href="//imgur.com">visit our gallery!</a>
      </p>
      <a shape="rect" class="footer-logo" href="//imgur.com">
        <img src="https://s.imgur.com/images/imgurlogo-header.png"/>
      </a>
    </div>
    <script type="text/javascript">
        (function(widgetFactory) {
            widgetFactory.mergeConfig('analytics', {
                isAdmin: false
            });
        })(_widgetFactory);
    </script>
    <script type="text/javascript" src="https://s.imgur.com/min/404.js?1393899213"/>
    <script type="text/javascript">
            var e404 = E404.getInstance();
            e404.generalInit();
    </script>
  </body>
</html>
]]></system-out>
  </testcase>
  <testcase name="favoriteNonExistenTest" classname="pz.ImageTests" time="0.389">
    <system-out><![CDATA[HTTP/1.1 404 Not Found
Connection: close
Content-Length: 4323
Server: nginx
Date: Sun, 10 Oct 2021 21:01:10 GMT
Content-Type: text/html; charset=utf-8
ETag: "615f83d0-10e3"
Set-Cookie: UPSERVERID=upload.i-0c6613337cb079685.production; path=/

<html lang="en">
  <head>
    <title>imgur: the simple 404 page</title>
    <meta http-equiv="content-type" content="text/html;charset=utf-8"/>
    <meta name="robots" content="noindex,nofollow"/>
    <meta name="keywords" content="images, funny pictures, image host, image upload, image sharing, image resize"/>
    <meta name="description" content="Imgur is home to the web's most popular image content, curated in real time by a dedicated community through commenting, voting and sharing."/>
    <meta name="copyright" content="Copyright 2014 Imgur, Inc."/>
    <meta http-equiv="X-UA-Compatible" content="IE=Edge;"/>
    <link rel="stylesheet" type="text/css" href="https://s.imgur.com/min/404.css?1393899213"/>
  </head>
  <body>
    <div class="nodisplay">
        Imgur is home to the web's most popular image content, curated in real time by a dedicated community through commenting, voting and sharing.
    </div>
    <div id="hallway">
      <div class="container">
        <div class="painting" id="cat1">
          <img src="//s.imgur.com/images/404/cat1weyes.png"/>
          <div class="eye-container">
            <div class="eye left">
              <div class="pupil"/>
            </div>
            <div class="eye right">
              <div class="pupil"/>
            </div>
          </div>
        </div>
        <div class="painting" id="cat2">
          <img src="//s.imgur.com/images/404/cat2weyes.png"/>
          <div class="eye-container">
            <div class="eye">
              <div class="pupil"/>
            </div>
          </div>
        </div>
        <div class="painting" id="giraffe">
          <img src="//s.imgur.com/images/404/giraffeweyes.png"/>
          <div class="eye-container">
            <div class="eye left">
              <div class="pupil"/>
            </div>
            <div class="eye right">
              <div class="pupil"/>
            </div>
          </div>
          <img class="monocle" src="//s.imgur.com/images/404/monocle.png"/>
        </div>
        <div class="painting" id="cat3">
          <img src="//s.imgur.com/images/404/cat3weyes.png"/>
          <div class="eye-container">
            <div class="eye left">
              <div class="pupil"/>
            </div>
            <div class="eye right">
              <div class="pupil"/>
            </div>
          </div>
        </div>
        <div class="painting" id="cat4">
          <img src="//s.imgur.com/images/404/cat4weyes.png"/>
          <div class="eye-container">
            <div class="eye left">
              <div class="pupil"/>
            </div>
            <div class="eye right">
              <div class="pupil"/>
            </div>
          </div>
        </div>
      </div>
    </div>
    <div class="footer textbox">
      <h1>Zoinks! You've taken a wrong turn.</h1>
      <p>Let's split up, gang. If you're looking for an image, it's probably been deleted or may not have existed at all.</p>
      <p>
If you are looking for groovy images,         <a shape="rect" href="//imgur.com">visit our gallery!</a>
      </p>
      <a shape="rect" class="footer-logo" href="//imgur.com">
        <img src="https://s.imgur.com/images/imgurlogo-header.png"/>
      </a>
    </div>
    <script type="text/javascript">
        (function(widgetFactory) {
            widgetFactory.mergeConfig('analytics', {
                isAdmin: false
            });
        })(_widgetFactory);
    </script>
    <script type="text/javascript" src="https://s.imgur.com/min/404.js?1393899213"/>
    <script type="text/javascript">
            var e404 = E404.getInstance();
            e404.generalInit();
    </script>
  </body>
</html>
]]></system-out>
  </testcase>
  <testcase name="uploadFileNoDataTest" classname="pz.ImageTests" time="0.822">
    <system-out><![CDATA[HTTP/1.1 400 Bad Request
Connection: close
Content-Length: 129
Access-Control-Allow-Headers: Authorization, Content-Type, Accept, X-Mashape-Authorization, IMGURPLATFORM, IMGURUIDJAFO, SESSIONCOUNT, IMGURMWBETA, IMGURMWBETAOPTIN
Access-Control-Allow-Methods: GET, PUT, POST, DELETE, OPTIONS
Access-Control-Allow-Origin: *
Access-Control-Expose-Headers: X-RateLimit-ClientLimit, X-RateLimit-ClientRemaining, X-RateLimit-UserLimit, X-RateLimit-UserRemaining, X-RateLimit-UserReset, Geo-City, Geo-Region, Geo-Metro-Code, Geo-Country-Code
Cache-Control: no-store, no-cache, must-revalidate, post-check=0, pre-check=0
Content-Type: application/json
Date: Sun, 10 Oct 2021 21:01:11 GMT
ETag: "a2b37585699aeeadc26059fa73c7d0e25dd96482"
Server: nginx
X-Post-Rate-Limit-Limit: 1250
X-Post-Rate-Limit-Remaining: 1159
X-Post-Rate-Limit-Reset: 58

{
    "data": {
        "error": "No image data was sent to the upload api",
        "request": "/3/image",
        "method": "POST"
    },
    "success": false,
    "status": 400
}
]]></system-out>
  </testcase>
  <testcase name="unFavoriteNonExistenTest" classname="pz.ImageTests" time="0.392">
    <system-out><![CDATA[HTTP/1.1 404 Not Found
Connection: close
Content-Length: 4323
Server: nginx
Date: Sun, 10 Oct 2021 21:01:11 GMT
Content-Type: text/html; charset=utf-8
ETag: "615f83d0-10e3"
Set-Cookie: UPSERVERID=upload.i-0c6613337cb079685.production; path=/

<html lang="en">
  <head>
    <title>imgur: the simple 404 page</title>
    <meta http-equiv="content-type" content="text/html;charset=utf-8"/>
    <meta name="robots" content="noindex,nofollow"/>
    <meta name="keywords" content="images, funny pictures, image host, image upload, image sharing, image resize"/>
    <meta name="description" content="Imgur is home to the web's most popular image content, curated in real time by a dedicated community through commenting, voting and sharing."/>
    <meta name="copyright" content="Copyright 2014 Imgur, Inc."/>
    <meta http-equiv="X-UA-Compatible" content="IE=Edge;"/>
    <link rel="stylesheet" type="text/css" href="https://s.imgur.com/min/404.css?1393899213"/>
  </head>
  <body>
    <div class="nodisplay">
        Imgur is home to the web's most popular image content, curated in real time by a dedicated community through commenting, voting and sharing.
    </div>
    <div id="hallway">
      <div class="container">
        <div class="painting" id="cat1">
          <img src="//s.imgur.com/images/404/cat1weyes.png"/>
          <div class="eye-container">
            <div class="eye left">
              <div class="pupil"/>
            </div>
            <div class="eye right">
              <div class="pupil"/>
            </div>
          </div>
        </div>
        <div class="painting" id="cat2">
          <img src="//s.imgur.com/images/404/cat2weyes.png"/>
          <div class="eye-container">
            <div class="eye">
              <div class="pupil"/>
            </div>
          </div>
        </div>
        <div class="painting" id="giraffe">
          <img src="//s.imgur.com/images/404/giraffeweyes.png"/>
          <div class="eye-container">
            <div class="eye left">
              <div class="pupil"/>
            </div>
            <div class="eye right">
              <div class="pupil"/>
            </div>
          </div>
          <img class="monocle" src="//s.imgur.com/images/404/monocle.png"/>
        </div>
        <div class="painting" id="cat3">
          <img src="//s.imgur.com/images/404/cat3weyes.png"/>
          <div class="eye-container">
            <div class="eye left">
              <div class="pupil"/>
            </div>
            <div class="eye right">
              <div class="pupil"/>
            </div>
          </div>
        </div>
        <div class="painting" id="cat4">
          <img src="//s.imgur.com/images/404/cat4weyes.png"/>
          <div class="eye-container">
            <div class="eye left">
              <div class="pupil"/>
            </div>
            <div class="eye right">
              <div class="pupil"/>
            </div>
          </div>
        </div>
      </div>
    </div>
    <div class="footer textbox">
      <h1>Zoinks! You've taken a wrong turn.</h1>
      <p>Let's split up, gang. If you're looking for an image, it's probably been deleted or may not have existed at all.</p>
      <p>
If you are looking for groovy images,         <a shape="rect" href="//imgur.com">visit our gallery!</a>
      </p>
      <a shape="rect" class="footer-logo" href="//imgur.com">
        <img src="https://s.imgur.com/images/imgurlogo-header.png"/>
      </a>
    </div>
    <script type="text/javascript">
        (function(widgetFactory) {
            widgetFactory.mergeConfig('analytics', {
                isAdmin: false
            });
        })(_widgetFactory);
    </script>
    <script type="text/javascript" src="https://s.imgur.com/min/404.js?1393899213"/>
    <script type="text/javascript">
            var e404 = E404.getInstance();
            e404.generalInit();
    </script>
  </body>
</html>
]]></system-out>
  </testcase>
</testsuite>